-------------------------------------------------------------------------------
Test set: Runner.RunnerTest
-------------------------------------------------------------------------------
Tests run: 5, Failures: 1, Errors: 0, Skipped: 0, Time elapsed: 206.301 s <<< FAILURE! - in Runner.RunnerTest
Runner.RunnerTest.feature[Api demos Tasks3](3)  Time elapsed: 45.634 s  <<< FAILURE!
cucumber.runtime.CucumberException: java.lang.AssertionError: expected [DISPLAY_SHOW_TITLE] but found [null]
Caused by: java.lang.AssertionError: expected [DISPLAY_SHOW_TITLE] but found [null]

