<?xml version="1.0" encoding="UTF-8"?>
<testsuite xmlns:xsi="http://www.w3.org/2001/XMLSchema-instance" xsi:noNamespaceSchemaLocation="https://maven.apache.org/surefire/maven-surefire-plugin/xsd/surefire-test-report-3.0.xsd" version="3.0" name="Runner.RunnerTest" time="206.301" tests="5" errors="0" skipped="0" failures="1">
  <properties>
[...]
</properties>
  <testcase name="feature[Api demos Tasks1](1)" classname="Runner.RunnerTest" time="35.209">
    <system-err><![CDATA[Nov 14, 2022 1:28:36 PM io.appium.java_client.remote.AppiumCommandExecutor$1 lambda$0
INFO: Detected dialect: W3C
log4j:WARN No appenders could be found for logger (Shivam_ExitTest).
log4j:WARN Please initialize the log4j system properly.
log4j:WARN See http://logging.apache.org/log4j/1.2/faq.html#noconfig for more info.
]]></system-err>
  </testcase>
  <testcase name="feature[Api demos Tasks2](2)" classname="Runner.RunnerTest" time="40.794">
    <system-out><![CDATA[PLAY
]]></system-out>
    <system-err><![CDATA[Nov 14, 2022 1:29:15 PM io.appium.java_client.remote.AppiumCommandExecutor$1 lambda$0
INFO: Detected dialect: W3C
]]></system-err>
  </testcase>
  <testcase name="feature[Api demos Tasks3](3)" classname="Runner.RunnerTest" time="45.634">
    <failure message="java.lang.AssertionError: expected [DISPLAY_SHOW_TITLE] but found [null]" type="cucumber.runtime.CucumberException"><![CDATA[cucumber.runtime.CucumberException: java.lang.AssertionError: expected [DISPLAY_SHOW_TITLE] but found [null]
Caused by: java.lang.AssertionError: expected [DISPLAY_SHOW_TITLE] but found [null]
]]></failure>
    <system-err><![CDATA[Nov 14, 2022 1:29:55 PM io.appium.java_client.remote.AppiumCommandExecutor$1 lambda$0
INFO: Detected dialect: W3C
]]></system-err>
  </testcase>
  <testcase name="feature[Api demos Tasks4](4)" classname="Runner.RunnerTest" time="36.984">
    <system-err><![CDATA[Nov 14, 2022 1:30:41 PM io.appium.java_client.remote.AppiumCommandExecutor$1 lambda$0
INFO: Detected dialect: W3C
]]></system-err>
  </testcase>
  <testcase name="feature[Api demos Tasks5](5)" classname="Runner.RunnerTest" time="46.041">
    <system-err><![CDATA[Nov 14, 2022 1:31:19 PM io.appium.java_client.remote.AppiumCommandExecutor$1 lambda$0
INFO: Detected dialect: W3C
]]></system-err>
  </testcase>
</testsuite>